<?xml version="1.0" encoding="UTF-8"?>
<!-- Generated by org.testng.reporters.JUnitReportReporter -->
<testsuite hostname="LAPTOP-9UA1RUD6" failures="0" tests="1" name="com.oddskings.testScripts.registrationTest" time="19.296" errors="0" timestamp="17 Oct 2021 21:46:36 GMT" skipped="0">
  <testcase classname="com.oddskings.testScripts.registrationTest" name="applicationCode" time="19.296"/>
</testsuite> <!-- com.oddskings.testScripts.registrationTest -->
