<?xml version="1.0" encoding="UTF-8"?>
<!-- Generated by org.testng.reporters.JUnitReportReporter -->
<testsuite hostname="LAPTOP-9UA1RUD6" failures="0" tests="6" name="com.oddskings.testScripts.RegistrationPageValidation" time="13.487" errors="0" timestamp="19 Oct 2021 19:38:13 GMT" skipped="0">
  <testcase classname="com.oddskings.testScripts.RegistrationPageValidation" name="launchUrl" time="0.115"/>
  <testcase classname="com.oddskings.testScripts.RegistrationPageValidation" name="enterAccountPageDetails" time="3.821"/>
  <testcase classname="com.oddskings.testScripts.RegistrationPageValidation" name="enterPersonalPageDetails" time="0.605"/>
  <testcase classname="com.oddskings.testScripts.RegistrationPageValidation" name="enterContactPageDetails" time="1.485"/>
  <testcase classname="com.oddskings.testScripts.RegistrationPageValidation" name="enterAddressPageDetails" time="4.727"/>
  <testcase classname="com.oddskings.testScripts.RegistrationPageValidation" name="enterSettingsPageDetails" time="2.734"/>
</testsuite> <!-- com.oddskings.testScripts.RegistrationPageValidation -->
