<?xml version="1.0" encoding="UTF-8"?>
<!-- Generated by org.testng.reporters.JUnitReportReporter -->
<testsuite hostname="LAPTOP-9UA1RUD6" failures="0" tests="1" name="com.oddskings.testScripts.ServiceKeyValidation" time="0.043" errors="0" timestamp="19 Oct 2021 19:38:13 GMT" skipped="0">
  <testcase classname="com.oddskings.testScripts.ServiceKeyValidation" name="applicationCode" time="0.043"/>
</testsuite> <!-- com.oddskings.testScripts.ServiceKeyValidation -->
