<?xml version="1.0" encoding="UTF-8"?>
<!-- Generated by org.testng.reporters.JUnitReportReporter -->
<testsuite hostname="LAPTOP-9UA1RUD6" failures="0" tests="3" name="com.oddskings.testScripts.FilterResultsValidation" time="2.162" errors="0" timestamp="19 Oct 2021 19:38:13 GMT" skipped="0">
  <testcase classname="com.oddskings.testScripts.FilterResultsValidation" name="clickResult" time="0.560"/>
  <testcase classname="com.oddskings.testScripts.FilterResultsValidation" name="filterResult" time="0.375"/>
  <testcase classname="com.oddskings.testScripts.FilterResultsValidation" name="validateResult" time="1.227"/>
</testsuite> <!-- com.oddskings.testScripts.FilterResultsValidation -->
